<?xml version="1.0" encoding="UTF-8"?>
<!-- Generated by org.testng.reporters.JUnitReportReporter -->
<testsuite skipped="0" hostname="LAPTOP-IHOSLHHL" name="selenium_intterview.validation" tests="7" failures="0" timestamp="25 Apr 2019 13:48:00 GMT" time="87.689" errors="0">
  <testcase name="setup" time="11.352" classname="selenium_intterview.validation"/>
  <testcase name="setup1" time="6.643" classname="selenium_intterview.validation"/>
  <testcase name="linktest" time="1.057" classname="selenium_intterview.validation"/>
  <testcase name="haucuscu" time="15.809" classname="selenium_intterview.validation"/>
  <testcase name="robotclasss" time="25.401" classname="selenium_intterview.validation"/>
  <testcase name="abc" time="16.393" classname="selenium_intterview.validation"/>
  <testcase name="colourcheck" time="11.034" classname="selenium_intterview.validation"/>
</testsuite> <!-- selenium_intterview.validation -->
