<?xml version="1.0" encoding="UTF-8"?>
<!-- Generated by org.testng.reporters.JUnitReportReporter -->
<testsuite skipped="0" hostname="LAPTOP-IHOSLHHL" name="datadriveDataprovider.excelhandling" tests="5" failures="0" timestamp="08 May 2019 13:05:03 GMT" time="46.439" errors="0">
  <testcase name="testfacebook" time="9.306" classname="datadriveDataprovider.excelhandling"/>
  <testcase name="testfacebook" time="9.425" classname="datadriveDataprovider.excelhandling"/>
  <testcase name="testfacebook" time="8.905" classname="datadriveDataprovider.excelhandling"/>
  <testcase name="testfacebook" time="10.071" classname="datadriveDataprovider.excelhandling"/>
  <testcase name="testfacebook" time="8.732" classname="datadriveDataprovider.excelhandling"/>
</testsuite> <!-- datadriveDataprovider.excelhandling -->
