<?xml version="1.0" encoding="UTF-8"?>
<!-- Generated by org.testng.reporters.JUnitReportReporter -->
<testsuite skipped="0" hostname="LAPTOP-IHOSLHHL" name="d1.Excelhandle8" tests="6" failures="0" timestamp="24 May 2019 11:09:16 GMT" time="50.712" errors="0">
  <testcase name="filltheform" time="8.963" classname="d1.Excelhandle8"/>
  <testcase name="filltheform" time="6.995" classname="d1.Excelhandle8"/>
  <testcase name="filltheform" time="7.634" classname="d1.Excelhandle8"/>
  <testcase name="filltheform" time="9.733" classname="d1.Excelhandle8"/>
  <testcase name="filltheform" time="9.291" classname="d1.Excelhandle8"/>
  <testcase name="name" time="8.096" classname="d1.Excelhandle8"/>
</testsuite> <!-- d1.Excelhandle8 -->
