<?xml version="1.0" encoding="UTF-8"?>
<!-- Generated by org.testng.reporters.JUnitReportReporter -->
<testsuite skipped="0" hostname="LAPTOP-IHOSLHHL" name="d1.Excelhandle6" tests="4" failures="0" timestamp="13 May 2019 16:47:55 GMT" time="47.484" errors="0">
  <testcase name="faceookloginpage" time="12.001" classname="d1.Excelhandle6"/>
  <testcase name="faceookloginpage" time="12.286" classname="d1.Excelhandle6"/>
  <testcase name="faceookloginpage" time="11.023" classname="d1.Excelhandle6"/>
  <testcase name="faceookloginpage" time="12.174" classname="d1.Excelhandle6"/>
</testsuite> <!-- d1.Excelhandle6 -->
