<?xml version="1.0" encoding="UTF-8"?>
<!-- Generated by org.testng.reporters.JUnitReportReporter -->
<testsuite skipped="0" hostname="LAPTOP-IHOSLHHL" name="d1.Excelhandle4" tests="3" failures="0" timestamp="08 May 2019 12:36:56 GMT" time="42.635" errors="0">
  <testcase name="test" time="19.361" classname="d1.Excelhandle4"/>
  <testcase name="test" time="13.293" classname="d1.Excelhandle4"/>
  <testcase name="test" time="9.981" classname="d1.Excelhandle4"/>
</testsuite> <!-- d1.Excelhandle4 -->
