<?xml version="1.0" encoding="UTF-8"?>
<!-- Generated by org.testng.reporters.JUnitReportReporter -->
<testsuite skipped="0" hostname="LAPTOP-IHOSLHHL" name="d1.Excelhandle5" tests="4" failures="0" timestamp="08 May 2019 18:42:41 GMT" time="49.131" errors="0">
  <testcase name="loginfacebook" time="11.922" classname="d1.Excelhandle5"/>
  <testcase name="loginfacebook" time="12.241" classname="d1.Excelhandle5"/>
  <testcase name="loginfacebook" time="11.430" classname="d1.Excelhandle5"/>
  <testcase name="loginfacebook" time="13.538" classname="d1.Excelhandle5"/>
</testsuite> <!-- d1.Excelhandle5 -->
