<?xml version="1.0" encoding="UTF-8"?>
<!-- Generated by org.testng.reporters.JUnitReportReporter -->
<testsuite skipped="0" hostname="LAPTOP-IHOSLHHL" name="cde.NewTest" tests="3" failures="0" timestamp="17 May 2019 14:12:53 GMT" time="0.019" errors="0">
  <testcase name="test1" time="0.010" classname="cde.NewTest"/>
  <testcase name="test2" time="0.005" classname="cde.NewTest"/>
  <testcase name="test3" time="0.004" classname="cde.NewTest"/>
</testsuite> <!-- cde.NewTest -->
