<?xml version="1.0" encoding="UTF-8"?>
<!-- Generated by org.testng.reporters.JUnitReportReporter -->
<testsuite skipped="0" hostname="LAPTOP-IHOSLHHL" name="facebook.testclass" tests="2" failures="0" timestamp="27 Feb 2019 07:42:01 GMT" time="16.756" errors="0">
  <testcase name="failtest" time="4.728" classname="facebook.testclass"/>
  <testcase name="smoketest" time="12.028" classname="facebook.testclass"/>
</testsuite> <!-- facebook.testclass -->
