<?xml version="1.0" encoding="UTF-8"?>
<!-- Generated by org.testng.reporters.JUnitReportReporter -->
<testsuite skipped="0" hostname="LAPTOP-IHOSLHHL" name="com.qa.facebook.com.qa.facebook.testclass" tests="2" failures="0" timestamp="20 May 2019 19:04:55 GMT" time="17.258" errors="0">
  <testcase name="smoketest" time="12.495" classname="com.qa.facebook.com.qa.facebook.testclass"/>
  <testcase name="failtest" time="4.763" classname="com.qa.facebook.com.qa.facebook.testclass"/>
</testsuite> <!-- com.qa.facebook.com.qa.facebook.testclass -->
